2019-01-04 16:26:23.791  INFO 9136 --- [main] DemoApplication         : Starting DemoApplication on admin-PC with PID 9136 (D:\workspace\demo\target\classes started by Administrator in D:\workspace\demo)
2019-01-04 16:26:23.800  INFO 9136 --- [main] DemoApplication         : The following profiles are active: dev
2019-01-04 16:26:25.561  INFO 9136 --- [main] o.s.b.w.embedded.tomcat.TomcatWebServer  : Tomcat initialized with port(s): 8128 (http)
2019-01-04 16:26:25.596  INFO 9136 --- [main] o.apache.catalina.core.StandardService   : Starting service [Tomcat]
2019-01-04 16:26:25.597  INFO 9136 --- [main] org.apache.catalina.core.StandardEngine  : Starting Servlet Engine: Apache Tomcat/9.0.13
2019-01-04 16:26:25.608  INFO 9136 --- [main] o.a.catalina.core.AprLifecycleListener   : The APR based Apache Tomcat Native library which allows optimal performance in production environments was not found on the java.library.path: [C:\Program Files\Java\jdk1.8.0_191\bin;C:\Windows\Sun\Java\bin;C:\Windows\system32;C:\Windows;C:\Program Files (x86)\Common Files\Oracle\Java\javapath;C:\Windows\system32;C:\Windows;C:\Windows\System32\Wbem;C:\Program Files\Java\jdk1.8.0_191\bin;C:\Windows\System32\WindowsPowerShell\v1.0\;C:\apache-maven-3.6.0\bin;C:\Program Files\Git\cmd;C:\Program Files\PuTTY\;C:\Program Files (x86)\Subversion\bin;C:\Program Files\TortoiseSVN\bin;;C:\Users\Administrator\AppData\Local\Programs\Microsoft VS Code\bin;.]
2019-01-04 16:26:25.734  INFO 9136 --- [main] o.a.c.c.C.[Tomcat].[localhost].[/]       : Initializing Spring embedded WebApplicationContext
2019-01-04 16:26:25.735  INFO 9136 --- [main] o.s.web.context.ContextLoader            : Root WebApplicationContext: initialization completed in 1744 ms
2019-01-04 16:26:26.154  INFO 9136 --- [main] o.s.s.concurrent.ThreadPoolTaskExecutor  : Initializing ExecutorService 'applicationTaskExecutor'
2019-01-04 16:26:26.401  WARN 9136 --- [main] o.s.b.a.f.FreeMarkerAutoConfiguration    : Cannot find template location(s): [classpath:/templates/] (please add some templates, check your FreeMarker configuration, or set spring.freemarker.checkTemplateLocation=false)
2019-01-04 16:26:26.500  INFO 9136 --- [main] o.s.b.w.embedded.tomcat.TomcatWebServer  : Tomcat started on port(s): 8128 (http) with context path ''
2019-01-04 16:26:26.507  INFO 9136 --- [main] DemoApplication         : Started DemoApplication in 3.804 seconds (JVM running for 5.057)
2019-01-04 16:59:28.812  INFO 8992 --- [main] DemoApplication         : Starting DemoApplication on admin-PC with PID 8992 (D:\workspace\demo\target\classes started by Administrator in D:\workspace\demo)
2019-01-04 16:59:28.816  INFO 8992 --- [main] DemoApplication         : The following profiles are active: dev
2019-01-04 16:59:30.417  INFO 8992 --- [main] o.s.b.w.embedded.tomcat.TomcatWebServer  : Tomcat initialized with port(s): 8128 (http)
2019-01-04 16:59:30.446  INFO 8992 --- [main] o.apache.catalina.core.StandardService   : Starting service [Tomcat]
2019-01-04 16:59:30.446  INFO 8992 --- [main] org.apache.catalina.core.StandardEngine  : Starting Servlet Engine: Apache Tomcat/9.0.13
2019-01-04 16:59:30.454  INFO 8992 --- [main] o.a.catalina.core.AprLifecycleListener   : The APR based Apache Tomcat Native library which allows optimal performance in production environments was not found on the java.library.path: [C:\Program Files\Java\jdk1.8.0_191\bin;C:\Windows\Sun\Java\bin;C:\Windows\system32;C:\Windows;C:\Program Files (x86)\Common Files\Oracle\Java\javapath;C:\Windows\system32;C:\Windows;C:\Windows\System32\Wbem;C:\Program Files\Java\jdk1.8.0_191\bin;C:\Windows\System32\WindowsPowerShell\v1.0\;C:\apache-maven-3.6.0\bin;C:\Program Files\Git\cmd;C:\Program Files\PuTTY\;C:\Program Files (x86)\Subversion\bin;C:\Program Files\TortoiseSVN\bin;;C:\Users\Administrator\AppData\Local\Programs\Microsoft VS Code\bin;.]
2019-01-04 16:59:30.564  INFO 8992 --- [main] o.a.c.c.C.[Tomcat].[localhost].[/]       : Initializing Spring embedded WebApplicationContext
2019-01-04 16:59:30.564  INFO 8992 --- [main] o.s.web.context.ContextLoader            : Root WebApplicationContext: initialization completed in 1554 ms
2019-01-04 16:59:30.889  INFO 8992 --- [main] o.s.s.concurrent.ThreadPoolTaskExecutor  : Initializing ExecutorService 'applicationTaskExecutor'
2019-01-04 16:59:31.101  WARN 8992 --- [main] o.s.b.a.f.FreeMarkerAutoConfiguration    : Cannot find template location(s): [classpath:/templates/] (please add some templates, check your FreeMarker configuration, or set spring.freemarker.checkTemplateLocation=false)
2019-01-04 16:59:31.194  INFO 8992 --- [main] o.s.b.w.embedded.tomcat.TomcatWebServer  : Tomcat started on port(s): 8128 (http) with context path ''
2019-01-04 16:59:31.199  INFO 8992 --- [main] DemoApplication         : Started DemoApplication in 3.356 seconds (JVM running for 4.661)
2019-01-04 17:01:54.954  INFO 11204 --- [main] DemoApplication         : Starting DemoApplication on admin-PC with PID 11204 (D:\workspace\demo\target\classes started by Administrator in D:\workspace\demo)
2019-01-04 17:01:54.959  INFO 11204 --- [main] DemoApplication         : The following profiles are active: dev
2019-01-04 17:01:56.862  INFO 11204 --- [main] o.s.b.w.embedded.tomcat.TomcatWebServer  : Tomcat initialized with port(s): 8128 (http)
2019-01-04 17:01:56.891  INFO 11204 --- [main] o.apache.catalina.core.StandardService   : Starting service [Tomcat]
2019-01-04 17:01:56.891  INFO 11204 --- [main] org.apache.catalina.core.StandardEngine  : Starting Servlet Engine: Apache Tomcat/9.0.13
2019-01-04 17:01:56.900  INFO 11204 --- [main] o.a.catalina.core.AprLifecycleListener   : The APR based Apache Tomcat Native library which allows optimal performance in production environments was not found on the java.library.path: [C:\Program Files\Java\jdk1.8.0_191\bin;C:\Windows\Sun\Java\bin;C:\Windows\system32;C:\Windows;C:\Program Files (x86)\Common Files\Oracle\Java\javapath;C:\Windows\system32;C:\Windows;C:\Windows\System32\Wbem;C:\Program Files\Java\jdk1.8.0_191\bin;C:\Windows\System32\WindowsPowerShell\v1.0\;C:\apache-maven-3.6.0\bin;C:\Program Files\Git\cmd;C:\Program Files\PuTTY\;C:\Program Files (x86)\Subversion\bin;C:\Program Files\TortoiseSVN\bin;;C:\Users\Administrator\AppData\Local\Programs\Microsoft VS Code\bin;.]
2019-01-04 17:01:57.017  INFO 11204 --- [main] o.a.c.c.C.[Tomcat].[localhost].[/]       : Initializing Spring embedded WebApplicationContext
2019-01-04 17:01:57.017  INFO 11204 --- [main] o.s.web.context.ContextLoader            : Root WebApplicationContext: initialization completed in 1816 ms
2019-01-04 17:01:57.305  INFO 11204 --- [main] o.s.s.concurrent.ThreadPoolTaskExecutor  : Initializing ExecutorService 'applicationTaskExecutor'
2019-01-04 17:01:57.516  WARN 11204 --- [main] o.s.b.a.f.FreeMarkerAutoConfiguration    : Cannot find template location(s): [classpath:/templates/] (please add some templates, check your FreeMarker configuration, or set spring.freemarker.checkTemplateLocation=false)
2019-01-04 17:01:57.613  INFO 11204 --- [main] o.s.b.w.embedded.tomcat.TomcatWebServer  : Tomcat started on port(s): 8128 (http) with context path ''
2019-01-04 17:01:57.618  INFO 11204 --- [main] DemoApplication         : Started DemoApplication in 3.651 seconds (JVM running for 4.927)
2019-01-04 17:10:57.817  INFO 12444 --- [main] DemoApplication         : Starting DemoApplication on admin-PC with PID 12444 (D:\workspace\demo\target\classes started by Administrator in D:\workspace\demo)
2019-01-04 17:10:57.822  INFO 12444 --- [main] DemoApplication         : The following profiles are active: dev
2019-01-04 17:10:59.499  INFO 12444 --- [main] o.s.b.w.embedded.tomcat.TomcatWebServer  : Tomcat initialized with port(s): 8128 (http)
2019-01-04 17:10:59.535  INFO 12444 --- [main] o.apache.catalina.core.StandardService   : Starting service [Tomcat]
2019-01-04 17:10:59.535  INFO 12444 --- [main] org.apache.catalina.core.StandardEngine  : Starting Servlet Engine: Apache Tomcat/9.0.13
2019-01-04 17:10:59.546  INFO 12444 --- [main] o.a.catalina.core.AprLifecycleListener   : The APR based Apache Tomcat Native library which allows optimal performance in production environments was not found on the java.library.path: [C:\Program Files\Java\jdk1.8.0_191\bin;C:\Windows\Sun\Java\bin;C:\Windows\system32;C:\Windows;C:\Program Files (x86)\Common Files\Oracle\Java\javapath;C:\Windows\system32;C:\Windows;C:\Windows\System32\Wbem;C:\Program Files\Java\jdk1.8.0_191\bin;C:\Windows\System32\WindowsPowerShell\v1.0\;C:\apache-maven-3.6.0\bin;C:\Program Files\Git\cmd;C:\Program Files\PuTTY\;C:\Program Files (x86)\Subversion\bin;C:\Program Files\TortoiseSVN\bin;;C:\Users\Administrator\AppData\Local\Programs\Microsoft VS Code\bin;.]
2019-01-04 17:10:59.670  INFO 12444 --- [main] o.a.c.c.C.[Tomcat].[localhost].[/]       : Initializing Spring embedded WebApplicationContext
2019-01-04 17:10:59.671  INFO 12444 --- [main] o.s.web.context.ContextLoader            : Root WebApplicationContext: initialization completed in 1760 ms
2019-01-04 17:10:59.972  INFO 12444 --- [main] o.s.s.concurrent.ThreadPoolTaskExecutor  : Initializing ExecutorService 'applicationTaskExecutor'
2019-01-04 17:11:00.197  WARN 12444 --- [main] o.s.b.a.f.FreeMarkerAutoConfiguration    : Cannot find template location(s): [classpath:/templates/] (please add some templates, check your FreeMarker configuration, or set spring.freemarker.checkTemplateLocation=false)
2019-01-04 17:11:00.289  INFO 12444 --- [main] o.s.b.w.embedded.tomcat.TomcatWebServer  : Tomcat started on port(s): 8128 (http) with context path ''
2019-01-04 17:11:00.296  INFO 12444 --- [main] DemoApplication         : Started DemoApplication in 3.249 seconds (JVM running for 4.55)
